{"level":"dev.info","ts":"[2025-02-15 21:01:37.034]","caller":"router/server.go:39","msg":"关闭服务器 ..."}
{"level":"dev.info","ts":"[2025-02-15 21:01:37.035]","caller":"router/server.go:47","msg":"服务器正在退出 ..."}
{"level":"dev.info","ts":"[2025-02-15 21:02:20.565]","caller":"router/server.go:39","msg":"关闭服务器 ..."}
{"level":"dev.info","ts":"[2025-02-15 21:02:20.565]","caller":"router/server.go:47","msg":"服务器正在退出 ..."}
{"level":"dev.info","ts":"[2025-02-15 21:03:49.601]","caller":"router/server.go:39","msg":"关闭服务器 ..."}
{"level":"dev.info","ts":"[2025-02-15 21:03:49.601]","caller":"router/server.go:47","msg":"服务器正在退出 ..."}
{"level":"dev.info","ts":"[2025-02-15 21:04:02.672]","caller":"router/server.go:39","msg":"关闭服务器 ..."}
{"level":"dev.info","ts":"[2025-02-15 21:04:02.673]","caller":"router/server.go:47","msg":"服务器正在退出 ..."}
{"level":"dev.info","ts":"[2025-02-15 21:12:04.446]","caller":"router/server.go:32","msg":"关闭服务器 ..."}
{"level":"dev.info","ts":"[2025-02-15 21:12:04.447]","caller":"router/server.go:40","msg":"服务器正在退出 ..."}
{"level":"dev.info","ts":"[2025-02-15 21:26:33.795]","caller":"router/server.go:32","msg":"关闭服务器 ..."}
{"level":"dev.info","ts":"[2025-02-15 21:26:33.795]","caller":"router/server.go:40","msg":"服务器正在退出 ..."}
{"level":"dev.info","ts":"[2025-02-15 21:27:26.826]","caller":"router/server.go:32","msg":"关闭服务器 ..."}
{"level":"dev.info","ts":"[2025-02-15 21:27:26.826]","caller":"router/server.go:40","msg":"服务器正在退出 ..."}
{"level":"dev.info","ts":"[2025-02-15 21:29:45.390]","caller":"router/server.go:32","msg":"关闭服务器 ..."}
{"level":"dev.info","ts":"[2025-02-15 21:29:45.391]","caller":"router/server.go:40","msg":"服务器正在退出 ..."}
{"level":"dev.info","ts":"[2025-02-15 21:29:53.482]","caller":"router/server.go:31","msg":"关闭服务器 ..."}
{"level":"dev.info","ts":"[2025-02-15 21:29:53.483]","caller":"router/server.go:39","msg":"服务器正在退出 ..."}
[2025-02-15 21:32:06.379]	dev.info	关闭服务器 ...
[2025-02-15 21:32:06.379]	dev.info	服务器正在退出 ...
[2025-02-15 21:33:07.499]	dev.info	关闭服务器 ...
[2025-02-15 21:33:07.500]	dev.info	服务器正在退出 ...
[2025-02-15 21:33:57.952]	dev.info	关闭服务器 ...
[2025-02-15 21:33:57.953]	dev.info	服务器正在退出 ...
[2025-02-15 21:34:46.043]	dev.info	关闭服务器 ...
[2025-02-15 21:34:46.044]	dev.info	服务器正在退出 ...
[2025-02-15 21:37:27.476]	dev.info	关闭服务器 ...
[2025-02-15 21:37:27.477]	dev.info	服务器正在退出 ...
[2025-02-15 21:37:31.247]	dev.info	关闭服务器 ...
[2025-02-15 21:37:31.247]	dev.info	服务器正在退出 ...
[2025-02-15 21:38:16.625]	dev.info	关闭服务器 ...
[2025-02-15 21:38:16.626]	dev.info	服务器正在退出 ...
[2025-02-15 21:38:18.464]	dev.info	启动端口：8000
[2025-02-15 21:38:35.582]	dev.info	关闭服务器 ...
[2025-02-15 21:38:35.582]	dev.info	服务器正在退出 ...
[2025-02-15 21:38:36.407]	dev.info	启动端口：8000
[2025-02-15 21:40:26.267]	dev.info	关闭服务器 ...
[2025-02-15 21:40:26.267]	dev.info	服务器正在退出 ...
[2025-02-15 21:44:43.566]	dev.info	启动端口：8000
[2025-02-15 21:44:55.750]	dev.info	关闭服务器 ...
[2025-02-15 21:44:55.750]	dev.info	服务器正在退出 ...
[2025-02-15 21:48:40.880]	dev.info	启动端口：8000
[2025-02-15 21:51:15.886]	dev.info	关闭服务器 ...
[2025-02-15 21:51:15.886]	dev.info	服务器正在退出 ...
[2025-02-15 21:54:21.545]	dev.info	启动端口：8000
[2025-02-15 21:54:30.136]	dev.info	关闭服务器 ...
[2025-02-15 21:54:30.136]	dev.info	服务器正在退出 ...
[2025-02-15 21:55:08.378]	dev.info	启动端口：8000
[2025-02-15 21:56:06.124]	dev.info	关闭服务器 ...
[2025-02-15 21:56:06.124]	dev.info	服务器正在退出 ...
[2025-02-15 21:56:08.088]	dev.info	启动端口：8000
[2025-02-15 21:56:29.559]	dev.info	关闭服务器 ...
[2025-02-15 21:56:29.559]	dev.info	服务器正在退出 ...
[2025-02-15 21:56:30.366]	dev.info	启动端口：8000
[2025-02-15 21:56:41.330]	dev.info	关闭服务器 ...
[2025-02-15 21:56:41.330]	dev.info	服务器正在退出 ...
[2025-02-15 21:56:42.124]	dev.info	启动端口：8000
[2025-02-15 21:59:26.803]	dev.info	关闭服务器 ...
[2025-02-15 21:59:26.804]	dev.info	服务器正在退出 ...
[2025-02-15 21:59:28.691]	dev.info	启动端口：8000
[2025-02-15 21:59:53.217]	dev.info	关闭服务器 ...
[2025-02-15 21:59:53.218]	dev.info	服务器正在退出 ...
[2025-02-15 21:59:55.124]	dev.info	启动端口：8000
[2025-02-15 21:59:55.124]	dev.info	启动端口：8000
[2025-02-15 22:00:09.129]	dev.info	关闭服务器 ...
[2025-02-15 22:00:09.129]	dev.info	关闭服务器 ...
[2025-02-15 22:00:09.129]	dev.info	服务器正在退出 ...
[2025-02-15 22:00:09.129]	dev.info	服务器正在退出 ...
[2025-02-15 22:00:09.927]	dev.info	启动端口：8000
[2025-02-15 22:00:09.927]	dev.info	启动端口：8000
[2025-02-15 22:08:30.351]	dev.info	关闭服务器 ...
[2025-02-15 22:08:30.351]	dev.info	关闭服务器 ...
[2025-02-15 22:08:30.351]	dev.info	服务器正在退出 ...
[2025-02-15 22:08:30.351]	dev.info	服务器正在退出 ...
[2025-02-15 22:08:32.194]	dev.info	启动端口：8000
[2025-02-15 22:08:32.194]	dev.info	启动端口：8000
[2025-02-15 22:08:50.998]	dev.info	关闭服务器 ...
[2025-02-15 22:08:50.998]	dev.info	关闭服务器 ...
[2025-02-15 22:08:50.999]	dev.info	服务器正在退出 ...
[2025-02-15 22:08:50.999]	dev.info	服务器正在退出 ...
[2025-02-15 22:08:51.774]	dev.info	启动端口：8000
[2025-02-15 22:08:51.774]	dev.info	启动端口：8000
[2025-02-15 22:09:50.005]	dev.info	关闭服务器 ...
[2025-02-15 22:09:50.005]	dev.info	关闭服务器 ...
[2025-02-15 22:09:50.005]	dev.info	服务器正在退出 ...
[2025-02-15 22:09:50.005]	dev.info	服务器正在退出 ...
[2025-02-15 22:09:51.887]	dev.info	启动端口：8000
[2025-02-15 22:09:51.887]	dev.info	启动端口：8000
[2025-02-15 22:09:57.741]	dev.info	关闭服务器 ...
[2025-02-15 22:09:57.741]	dev.info	关闭服务器 ...
[2025-02-15 22:09:57.742]	dev.info	服务器正在退出 ...
[2025-02-15 22:09:57.742]	dev.info	服务器正在退出 ...
[2025-02-15 22:09:58.560]	dev.info	启动端口：8000
[2025-02-15 22:09:58.560]	dev.info	启动端口：8000
[2025-02-15 22:10:14.536]	dev.info	关闭服务器 ...
[2025-02-15 22:10:14.536]	dev.info	关闭服务器 ...
[2025-02-15 22:10:14.536]	dev.info	服务器正在退出 ...
[2025-02-15 22:10:14.536]	dev.info	服务器正在退出 ...
[2025-02-15 22:12:06.102]	dev.info	2025/02/15 22:12:06 这是通过 log 包记录的日志，已通过 zap 输出。

[2025-02-15 22:12:06.102]	dev.info	2025/02/15 22:12:06 这是通过 log 包记录的日志，已通过 zap 输出。

[2025-02-15 22:12:06.102]	dev.info	启动端口：8000
[2025-02-15 22:12:06.102]	dev.info	启动端口：8000
[2025-02-15 22:12:19.965]	dev.info	关闭服务器 ...
[2025-02-15 22:12:19.965]	dev.info	关闭服务器 ...
[2025-02-15 22:12:19.965]	dev.info	服务器正在退出 ...
[2025-02-15 22:12:19.965]	dev.info	服务器正在退出 ...
[2025-02-15 22:12:21.239]	dev.info	启动端口：8000
[2025-02-15 22:12:21.239]	dev.info	启动端口：8000
[2025-02-15 22:12:55.914]	dev.info	关闭服务器 ...
[2025-02-15 22:12:55.914]	dev.info	关闭服务器 ...
[2025-02-15 22:12:55.914]	dev.info	服务器正在退出 ...
[2025-02-15 22:12:55.914]	dev.info	服务器正在退出 ...
[2025-02-15 22:12:56.743]	dev.info	启动端口：8000
[2025-02-15 22:12:56.743]	dev.info	启动端口：8000
[2025-02-15 22:14:20.570]	dev.info	关闭服务器 ...
[2025-02-15 22:14:20.570]	dev.info	关闭服务器 ...
[2025-02-15 22:14:20.570]	dev.info	服务器正在退出 ...
[2025-02-15 22:14:20.570]	dev.info	服务器正在退出 ...
[2025-02-15 22:14:22.438]	dev.info	启动端口：8000
[2025-02-15 22:14:27.419]	dev.info	关闭服务器 ...
[2025-02-15 22:14:27.419]	dev.info	服务器正在退出 ...
[2025-02-15 22:14:35.042]	dev.info	2025/02/15 22:14:35 这是通过 log 包记录的日志，已通过 zap 输出。

[2025-02-15 22:14:35.042]	dev.info	启动端口：8000
[2025-02-15 22:14:46.074]	dev.info	关闭服务器 ...
[2025-02-15 22:14:46.074]	dev.info	服务器正在退出 ...
