[2025-02-23 14:22:28.250]	dev.info	MYSQL 数据库连接成功 root:qq080808@tcp(localhost:3306)/mems_db?charset=utf8mb4&parseTime=True&loc=Local 
[2025-02-23 14:22:28.251]	dev.info	启动端口：8000
[2025-02-23 14:43:38.261]	dev.info	关闭服务器 ...
[2025-02-23 14:43:38.261]	dev.info	服务器正在退出 ...
[2025-02-23 14:43:42.326]	dev.info	MYSQL 数据库连接成功 root:qq080808@tcp(localhost:3306)/mems_db?charset=utf8mb4&parseTime=True&loc=Local 
[2025-02-23 14:43:42.326]	dev.info	启动端口：8000
[2025-02-23 14:58:00.274]	dev.info	关闭服务器 ...
[2025-02-23 14:58:00.274]	dev.info	服务器正在退出 ...
[2025-02-23 15:20:45.266]	dev.info	MYSQL 数据库连接成功 root:qq080808@tcp(localhost:3306)/mems_db?charset=utf8mb4&parseTime=True&loc=Local 
[2025-02-23 15:20:45.268]	dev.info	启动端口：8000
[2025-02-23 15:43:43.434]	dev.info	关闭服务器 ...
[2025-02-23 15:43:43.435]	dev.info	服务器正在退出 ...
[2025-02-23 15:54:38.284]	dev.info	MYSQL 数据库连接成功 root:qq080808@tcp(localhost:3306)/mems_db?charset=utf8mb4&parseTime=True&loc=Local 
[2025-02-23 15:54:38.285]	dev.info	启动端口：8000
[2025-02-23 15:55:20.236]	dev.info	关闭服务器 ...
[2025-02-23 15:55:20.237]	dev.info	服务器正在退出 ...
[2025-02-23 15:55:23.984]	dev.info	MYSQL 数据库连接成功 root:qq080808@tcp(localhost:3306)/mems_db?charset=utf8mb4&parseTime=True&loc=Local 
[2025-02-23 15:55:23.999]	dev.info	启动端口：8000
[2025-02-23 15:55:51.766]	dev.info	关闭服务器 ...
[2025-02-23 15:55:51.767]	dev.info	服务器正在退出 ...
[2025-02-23 15:56:42.643]	dev.info	启动端口：8000
[2025-02-23 15:56:47.504]	dev.info	关闭服务器 ...
[2025-02-23 15:56:47.505]	dev.info	服务器正在退出 ...
[2025-02-23 15:58:46.624]	dev.info	MYSQL 数据库连接成功 root:qq080808@tcp(localhost:3306)/mems_db?charset=utf8mb4&parseTime=True&loc=Local 
[2025-02-23 15:58:46.639]	dev.info	启动端口：8000
[2025-02-23 15:59:10.989]	dev.info	关闭服务器 ...
[2025-02-23 15:59:10.989]	dev.info	服务器正在退出 ...
[2025-02-23 15:59:13.481]	dev.info	MYSQL 数据库连接成功 root:qq080808@tcp(localhost:3306)/mems_db?charset=utf8mb4&parseTime=True&loc=Local 
[2025-02-23 15:59:13.503]	dev.info	启动端口：8000
[2025-02-23 15:59:24.831]	dev.info	关闭服务器 ...
[2025-02-23 15:59:24.832]	dev.info	服务器正在退出 ...
[2025-02-23 15:59:26.556]	dev.info	MYSQL 数据库连接成功 root:qq080808@tcp(localhost:3306)/mems_db?charset=utf8mb4&parseTime=True&loc=Local 
[2025-02-23 15:59:26.570]	dev.info	启动端口：8000
[2025-02-23 15:59:46.458]	dev.info	关闭服务器 ...
[2025-02-23 15:59:46.459]	dev.info	服务器正在退出 ...
[2025-02-23 15:59:47.507]	dev.info	MYSQL 数据库连接成功 root:qq080808@tcp(localhost:3306)/mems_db?charset=utf8mb4&parseTime=True&loc=Local 
[2025-02-23 15:59:47.512]	dev.info	启动端口：8000
[2025-02-23 16:00:56.471]	dev.info	关闭服务器 ...
[2025-02-23 16:00:56.472]	dev.info	服务器正在退出 ...
[2025-02-23 16:00:58.418]	dev.info	MYSQL 数据库连接成功 root:qq080808@tcp(localhost:3306)/mems_db?charset=utf8mb4&parseTime=True&loc=Local 
[2025-02-23 16:00:58.420]	dev.info	启动端口：8000
[2025-02-23 16:05:36.677]	dev.info	关闭服务器 ...
[2025-02-23 16:05:36.678]	dev.info	服务器正在退出 ...
[2025-02-23 16:09:44.581]	dev.info	MYSQL 数据库连接成功 root:qq080808@tcp(localhost:3306)/mems_db?charset=utf8mb4&parseTime=True&loc=Local 
[2025-02-23 16:09:44.582]	dev.info	启动端口：8000
[2025-02-23 16:09:58.598]	dev.info	关闭服务器 ...
[2025-02-23 16:09:58.598]	dev.info	服务器正在退出 ...
[2025-02-23 16:10:00.323]	dev.info	MYSQL 数据库连接成功 root:qq080808@tcp(localhost:3306)/mems_db?charset=utf8mb4&parseTime=True&loc=Local 
[2025-02-23 16:10:00.324]	dev.info	启动端口：8000
[2025-02-23 16:10:29.127]	dev.info	关闭服务器 ...
[2025-02-23 16:10:29.128]	dev.info	服务器正在退出 ...
[2025-02-23 16:10:31.460]	dev.info	MYSQL 数据库连接成功 root:qq080808@tcp(localhost:3306)/mems_db?charset=utf8mb4&parseTime=True&loc=Local 
[2025-02-23 16:10:31.461]	dev.info	启动端口：8000
[2025-02-23 16:10:55.962]	dev.info	关闭服务器 ...
[2025-02-23 16:10:55.962]	dev.info	服务器正在退出 ...
[2025-02-23 16:11:21.788]	dev.info	MYSQL 数据库连接成功 root:qq080808@tcp(localhost:3306)/mems_db?charset=utf8mb4&parseTime=True&loc=Local 
[2025-02-23 16:11:21.789]	dev.info	启动端口：8000
[2025-02-23 16:11:25.502]	dev.info	关闭服务器 ...
[2025-02-23 16:11:25.502]	dev.info	服务器正在退出 ...
[2025-02-23 16:11:27.962]	dev.info	MYSQL 数据库连接成功 root:qq080808@tcp(localhost:3306)/mems_db?charset=utf8mb4&parseTime=True&loc=Local 
[2025-02-23 16:11:27.964]	dev.info	启动端口：8000
[2025-02-23 16:11:41.972]	dev.info	关闭服务器 ...
[2025-02-23 16:11:41.972]	dev.info	服务器正在退出 ...
[2025-02-23 16:11:43.638]	dev.info	MYSQL 数据库连接成功 root:qq080808@tcp(localhost:3306)/mems_db?charset=utf8mb4&parseTime=True&loc=Local 
[2025-02-23 16:11:43.640]	dev.info	启动端口：8000
[2025-02-23 16:15:02.414]	dev.info	关闭服务器 ...
[2025-02-23 16:15:02.414]	dev.info	服务器正在退出 ...
[2025-02-23 16:15:41.891]	dev.info	MYSQL 数据库连接成功 root:qq080808@tcp(localhost:3306)/mems_db?charset=utf8mb4&parseTime=True&loc=Local 
[2025-02-23 16:15:41.893]	dev.info	启动端口：8000
[2025-02-23 16:46:34.084]	dev.info	关闭服务器 ...
[2025-02-23 16:46:34.085]	dev.info	服务器正在退出 ...
[2025-02-23 16:46:36.815]	dev.info	MYSQL 数据库连接成功 root:qq080808@tcp(localhost:3306)/mems_db?charset=utf8mb4&parseTime=True&loc=Local 
[2025-02-23 16:46:36.817]	dev.info	启动端口：8000
[2025-02-23 17:33:37.671]	dev.info	关闭服务器 ...
[2025-02-23 17:33:37.671]	dev.info	服务器正在退出 ...
[2025-02-23 17:38:18.720]	dev.info	MYSQL 数据库连接成功 root:qq080808@tcp(localhost:3306)/mems_db?charset=utf8mb4&parseTime=True&loc=Local 
[2025-02-23 17:38:18.721]	dev.info	启动端口：8000
[2025-02-23 17:48:48.898]	dev.info	关闭服务器 ...
[2025-02-23 17:48:48.899]	dev.info	服务器正在退出 ...
[2025-02-23 17:48:51.558]	dev.info	MYSQL 数据库连接成功 root:qq080808@tcp(localhost:3306)/mems_db?charset=utf8mb4&parseTime=True&loc=Local 
[2025-02-23 17:48:51.560]	dev.info	启动端口：8000
[2025-02-23 17:49:08.739]	dev.info	关闭服务器 ...
[2025-02-23 17:49:08.740]	dev.info	服务器正在退出 ...
[2025-02-23 17:49:11.262]	dev.info	MYSQL 数据库连接成功 root:qq080808@tcp(localhost:3306)/mems_db?charset=utf8mb4&parseTime=True&loc=Local 
[2025-02-23 17:49:11.263]	dev.info	启动端口：8000
[2025-02-23 17:50:21.893]	dev.info	关闭服务器 ...
[2025-02-23 17:50:21.894]	dev.info	服务器正在退出 ...
[2025-02-23 17:50:24.628]	dev.info	MYSQL 数据库连接成功 root:qq080808@tcp(localhost:3306)/mems_db?charset=utf8mb4&parseTime=True&loc=Local 
[2025-02-23 17:50:24.630]	dev.info	启动端口：8000
[2025-02-23 17:52:46.129]	dev.info	关闭服务器 ...
[2025-02-23 17:52:46.130]	dev.info	服务器正在退出 ...
[2025-02-23 17:52:48.054]	dev.info	MYSQL 数据库连接成功 root:qq080808@tcp(localhost:3306)/mems_db?charset=utf8mb4&parseTime=True&loc=Local 
[2025-02-23 17:52:48.055]	dev.info	启动端口：8000
[2025-02-23 17:54:40.199]	dev.info	关闭服务器 ...
[2025-02-23 17:54:40.199]	dev.info	服务器正在退出 ...
[2025-02-23 17:54:42.804]	dev.info	MYSQL 数据库连接成功 root:qq080808@tcp(localhost:3306)/mems_db?charset=utf8mb4&parseTime=True&loc=Local 
[2025-02-23 17:54:42.805]	dev.info	启动端口：8000
[2025-02-23 17:55:05.075]	dev.info	关闭服务器 ...
[2025-02-23 17:55:05.076]	dev.info	服务器正在退出 ...
[2025-02-23 17:55:16.662]	dev.info	MYSQL 数据库连接成功 root:qq080808@tcp(localhost:3306)/mems_db?charset=utf8mb4&parseTime=True&loc=Local 
[2025-02-23 17:55:16.664]	dev.info	启动端口：8000
[2025-02-23 18:03:48.366]	dev.info	关闭服务器 ...
[2025-02-23 18:03:48.366]	dev.info	服务器正在退出 ...
[2025-02-23 18:04:00.362]	dev.info	MYSQL 数据库连接成功 root:qq080808@tcp(localhost:3306)/mems_db?charset=utf8mb4&parseTime=True&loc=Local 
[2025-02-23 18:04:00.364]	dev.info	启动端口：8000
[2025-02-23 18:11:11.099]	dev.info	关闭服务器 ...
[2025-02-23 18:11:11.100]	dev.info	服务器正在退出 ...
[2025-02-23 18:19:16.775]	dev.info	MYSQL 数据库连接成功 root:qq080808@tcp(localhost:3306)/mems_db?charset=utf8mb4&parseTime=True&loc=Local 
[2025-02-23 18:19:16.777]	dev.info	启动端口：8000
[2025-02-23 18:20:04.022]	dev.info	关闭服务器 ...
[2025-02-23 18:20:04.023]	dev.info	服务器正在退出 ...
[2025-02-23 18:20:06.765]	dev.info	MYSQL 数据库连接成功 root:qq080808@tcp(localhost:3306)/mems_db?charset=utf8mb4&parseTime=True&loc=Local 
[2025-02-23 18:20:06.767]	dev.info	启动端口：8000
[2025-02-23 18:21:23.652]	dev.info	关闭服务器 ...
[2025-02-23 18:21:23.653]	dev.info	服务器正在退出 ...
[2025-02-23 18:21:25.734]	dev.info	MYSQL 数据库连接成功 root:qq080808@tcp(localhost:3306)/mems_db?charset=utf8mb4&parseTime=True&loc=Local 
[2025-02-23 18:21:25.735]	dev.info	启动端口：8000
[2025-02-23 18:23:27.830]	dev.info	关闭服务器 ...
[2025-02-23 18:23:27.831]	dev.info	服务器正在退出 ...
[2025-02-23 18:23:30.733]	dev.info	MYSQL 数据库连接成功 root:qq080808@tcp(localhost:3306)/mems_db?charset=utf8mb4&parseTime=True&loc=Local 
[2025-02-23 18:23:30.735]	dev.info	启动端口：8000
[2025-02-23 18:26:52.543]	dev.info	关闭服务器 ...
[2025-02-23 18:26:52.544]	dev.info	服务器正在退出 ...
[2025-02-23 18:26:55.671]	dev.info	MYSQL 数据库连接成功 root:qq080808@tcp(localhost:3306)/mems_db?charset=utf8mb4&parseTime=True&loc=Local 
[2025-02-23 18:26:55.673]	dev.info	启动端口：8000
[2025-02-23 18:28:52.635]	dev.info	关闭服务器 ...
[2025-02-23 18:28:52.635]	dev.info	服务器正在退出 ...
[2025-02-23 18:28:55.833]	dev.info	MYSQL 数据库连接成功 root:qq080808@tcp(localhost:3306)/mems_db?charset=utf8mb4&parseTime=True&loc=Local 
[2025-02-23 18:28:55.834]	dev.info	启动端口：8000
[2025-02-23 18:31:45.499]	dev.info	关闭服务器 ...
[2025-02-23 18:31:45.500]	dev.info	服务器正在退出 ...
[2025-02-23 18:32:35.846]	dev.info	MYSQL 数据库连接成功 root:qq080808@tcp(localhost:3306)/mems_db?charset=utf8mb4&parseTime=True&loc=Local 
[2025-02-23 18:32:35.848]	dev.info	启动端口：8000
[2025-02-23 18:34:53.607]	dev.info	关闭服务器 ...
[2025-02-23 18:34:53.607]	dev.info	服务器正在退出 ...
[2025-02-23 18:34:56.189]	dev.info	MYSQL 数据库连接成功 root:qq080808@tcp(localhost:3306)/mems_db?charset=utf8mb4&parseTime=True&loc=Local 
[2025-02-23 18:34:56.190]	dev.info	启动端口：8000
[2025-02-23 18:35:35.947]	dev.info	关闭服务器 ...
[2025-02-23 18:35:35.947]	dev.info	服务器正在退出 ...
[2025-02-23 18:35:39.166]	dev.info	MYSQL 数据库连接成功 root:qq080808@tcp(localhost:3306)/mems_db?charset=utf8mb4&parseTime=True&loc=Local 
[2025-02-23 18:35:39.167]	dev.info	启动端口：8000
[2025-02-23 18:35:46.209]	dev.info	关闭服务器 ...
[2025-02-23 18:35:46.210]	dev.info	服务器正在退出 ...
[2025-02-23 18:35:48.126]	dev.info	MYSQL 数据库连接成功 root:qq080808@tcp(localhost:3306)/mems_db?charset=utf8mb4&parseTime=True&loc=Local 
[2025-02-23 18:35:48.127]	dev.info	启动端口：8000
[2025-02-23 18:43:01.211]	dev.info	关闭服务器 ...
[2025-02-23 18:43:01.212]	dev.info	服务器正在退出 ...
[2025-02-23 18:43:04.520]	dev.info	MYSQL 数据库连接成功 root:qq080808@tcp(localhost:3306)/mems_db?charset=utf8mb4&parseTime=True&loc=Local 
[2025-02-23 18:43:04.522]	dev.info	启动端口：8000
[2025-02-23 18:43:07.566]	dev.info	2025/02/23 18:43:07 Received body: 
"name":"text",    
"en_name":"text", 
"url":"text",  
"pid": 0,  
"resource_type":"text",  
"action_type":"text",  
"icon":"text",  
"open_in_new_tab":0,  
"sort":1,   
"description":"text",   
"is_backstage":1,   

[2025-02-23 18:43:19.708]	dev.info	2025/02/23 18:43:19 Received body: 
"name":"text",    
"en_name":"text", 
"url":"text",  
"pid": 0,  
"resource_type":"text",  
"action_type":"text",  
"icon":"text",  
"open_in_new_tab":0,  
"sort":1,   
"description":"text",   
"is_backstage":1

[2025-02-23 18:43:51.194]	dev.info	2025/02/23 18:43:51 Received body: 
"name":"text",    
"en_name":"text", 
"url":"text",  
"pid": 0,  
"resource_type":"text",  
"action_type":"text",  
"icon":"text",  
"open_in_new_tab":0,  
"sort":1,   
"description":"text",   
"is_backstage":1

[2025-02-23 18:44:58.158]	dev.info	关闭服务器 ...
[2025-02-23 18:44:58.159]	dev.info	服务器正在退出 ...
[2025-02-23 18:44:59.370]	dev.info	MYSQL 数据库连接成功 root:qq080808@tcp(localhost:3306)/mems_db?charset=utf8mb4&parseTime=True&loc=Local 
[2025-02-23 18:44:59.371]	dev.info	启动端口：8000
[2025-02-23 18:45:02.475]	dev.info	2025/02/23 18:45:02 Received body: 
"name":"text",    
"en_name":"text", 
"url":"text",  
"pid": 0,  
"resource_type":"text",  
"action_type":"text",  
"icon":"text",  
"open_in_new_tab":0,  
"sort":1,   
"description":"text",   
"is_backstage":1

[2025-02-23 18:45:52.826]	dev.info	2025/02/23 18:45:52 Received body: 
{"name":"text",    
"en_name":"text", 
"url":"text",  
"pid": 0,  
"resource_type":"text",  
"action_type":"text",  
"icon":"text",  
"open_in_new_tab":0,  
"sort":1,   
"description":"text",   
"is_backstage":1}

[2025-02-23 18:46:20.673]	dev.info	关闭服务器 ...
[2025-02-23 18:46:20.673]	dev.info	服务器正在退出 ...
[2025-02-23 18:46:23.489]	dev.info	MYSQL 数据库连接成功 root:qq080808@tcp(localhost:3306)/mems_db?charset=utf8mb4&parseTime=True&loc=Local 
[2025-02-23 18:46:23.491]	dev.info	启动端口：8000
[2025-02-23 18:46:25.850]	dev.info	2025/02/23 18:46:25 Received body: 
{"name":"text",    
"en_name":"text", 
"url":"text",  
"pid": 0,  
"resource_type":"text",  
"action_type":"text",  
"icon":"text",  
"open_in_new_tab":0,  
"sort":1,   
"description":"text",   
"is_backstage":1}

[2025-02-23 18:47:18.714]	dev.info	关闭服务器 ...
[2025-02-23 18:47:18.715]	dev.info	服务器正在退出 ...
[2025-02-23 18:47:20.845]	dev.info	MYSQL 数据库连接成功 root:qq080808@tcp(localhost:3306)/mems_db?charset=utf8mb4&parseTime=True&loc=Local 
[2025-02-23 18:47:20.847]	dev.info	启动端口：8000
[2025-02-23 18:48:45.457]	dev.info	关闭服务器 ...
[2025-02-23 18:48:45.457]	dev.info	服务器正在退出 ...
[2025-02-23 18:48:48.174]	dev.info	MYSQL 数据库连接成功 root:qq080808@tcp(localhost:3306)/mems_db?charset=utf8mb4&parseTime=True&loc=Local 
[2025-02-23 18:48:48.175]	dev.info	启动端口：8000
[2025-02-23 18:49:32.564]	dev.info	关闭服务器 ...
[2025-02-23 18:49:32.565]	dev.info	服务器正在退出 ...
[2025-02-23 18:49:36.004]	dev.info	MYSQL 数据库连接成功 root:qq080808@tcp(localhost:3306)/mems_db?charset=utf8mb4&parseTime=True&loc=Local 
[2025-02-23 18:49:36.005]	dev.info	启动端口：8000
[2025-02-23 18:51:51.946]	dev.info	关闭服务器 ...
[2025-02-23 18:51:51.946]	dev.info	服务器正在退出 ...
[2025-02-23 18:51:55.314]	dev.info	MYSQL 数据库连接成功 root:qq080808@tcp(localhost:3306)/mems_db?charset=utf8mb4&parseTime=True&loc=Local 
[2025-02-23 18:51:55.315]	dev.info	启动端口：8000
[2025-02-23 18:52:18.116]	dev.info	关闭服务器 ...
[2025-02-23 18:52:18.117]	dev.info	服务器正在退出 ...
[2025-02-23 18:52:20.900]	dev.info	MYSQL 数据库连接成功 root:qq080808@tcp(localhost:3306)/mems_db?charset=utf8mb4&parseTime=True&loc=Local 
[2025-02-23 18:52:20.901]	dev.info	启动端口：8000
[2025-02-23 18:52:59.553]	dev.info	关闭服务器 ...
[2025-02-23 18:52:59.554]	dev.info	服务器正在退出 ...
[2025-02-23 18:53:02.266]	dev.info	MYSQL 数据库连接成功 root:qq080808@tcp(localhost:3306)/mems_db?charset=utf8mb4&parseTime=True&loc=Local 
[2025-02-23 18:53:02.268]	dev.info	启动端口：8000
[2025-02-23 18:53:03.980]	dev.info	2025/02/23 18:53:03 Received body: 
{
"permission_id":237,
"name":"text",    
"en_name":"text", 
"url":"text",  
"pid": 0,  
"resource_type":"text",  
"action_type":"text",  
"icon":"text",  
"open_in_new_tab":0,  
"sort":1,   
"description":"text",   
"is_backstage":1}

[2025-02-23 18:54:07.344]	dev.info	2025/02/23 18:54:07 Received body: 
{
"permission_id":237,
"name":"text",    
"en_name":"text", 
"url":"text",  
"pid": 0,  
"resource_type":"text",  
"action_type":"text",  
"icon":"text",  
"open_in_new_tab":0,  
"sort":1,   
"description":"text",   
"is_backstage":1}

[2025-02-23 18:54:15.672]	dev.info	2025/02/23 18:54:15 Received body: 
{
"permission_id":"237",
"name":"text",    
"en_name":"text", 
"url":"text",  
"pid": 0,  
"resource_type":"text",  
"action_type":"text",  
"icon":"text",  
"open_in_new_tab":0,  
"sort":1,   
"description":"text",   
"is_backstage":1}

[2025-02-23 18:54:29.653]	dev.info	关闭服务器 ...
[2025-02-23 18:54:29.653]	dev.info	服务器正在退出 ...
[2025-02-23 18:54:33.033]	dev.info	MYSQL 数据库连接成功 root:qq080808@tcp(localhost:3306)/mems_db?charset=utf8mb4&parseTime=True&loc=Local 
[2025-02-23 18:54:33.034]	dev.info	启动端口：8000
[2025-02-23 18:54:52.937]	dev.info	关闭服务器 ...
[2025-02-23 18:54:52.937]	dev.info	服务器正在退出 ...
[2025-02-23 18:54:55.991]	dev.info	MYSQL 数据库连接成功 root:qq080808@tcp(localhost:3306)/mems_db?charset=utf8mb4&parseTime=True&loc=Local 
[2025-02-23 18:54:55.992]	dev.info	启动端口：8000
[2025-02-23 18:56:38.742]	dev.info	关闭服务器 ...
[2025-02-23 18:56:38.743]	dev.info	服务器正在退出 ...
[2025-02-23 18:56:41.935]	dev.info	MYSQL 数据库连接成功 root:qq080808@tcp(localhost:3306)/mems_db?charset=utf8mb4&parseTime=True&loc=Local 
[2025-02-23 18:56:41.936]	dev.info	启动端口：8000
[2025-02-23 18:56:48.792]	dev.info	关闭服务器 ...
[2025-02-23 18:56:48.793]	dev.info	服务器正在退出 ...
[2025-02-23 18:56:51.981]	dev.info	MYSQL 数据库连接成功 root:qq080808@tcp(localhost:3306)/mems_db?charset=utf8mb4&parseTime=True&loc=Local 
[2025-02-23 18:56:51.982]	dev.info	启动端口：8000
[2025-02-23 18:57:20.669]	dev.info	关闭服务器 ...
[2025-02-23 18:57:20.670]	dev.info	服务器正在退出 ...
[2025-02-23 18:57:23.732]	dev.info	MYSQL 数据库连接成功 root:qq080808@tcp(localhost:3306)/mems_db?charset=utf8mb4&parseTime=True&loc=Local 
[2025-02-23 18:57:23.733]	dev.info	启动端口：8000
[2025-02-23 19:00:26.530]	dev.info	关闭服务器 ...
[2025-02-23 19:00:26.531]	dev.info	服务器正在退出 ...
[2025-02-23 19:00:27.779]	dev.info	MYSQL 数据库连接成功 root:qq080808@tcp(localhost:3306)/mems_db?charset=utf8mb4&parseTime=True&loc=Local 
[2025-02-23 19:00:27.781]	dev.info	启动端口：8000
[2025-02-23 19:00:57.331]	dev.info	2025/02/23 19:00:57 Received body: 
{
"name":"text",    
"en_name":"text1", 
"url":"text",  
"pid": null,  
"resource_type":"text",  
"action_type":"text",  
"icon":"text",  
"open_in_new_tab":0,  
"sort":1,   
"description":"text",   
"is_backstage":1}

[2025-02-24 00:09:17.421]	dev.info	关闭服务器 ...
[2025-02-24 00:09:17.422]	dev.info	服务器正在退出 ...
